<?xml version="1.0" encoding="UTF-8"?>
<!-- Generated by org.testng.reporters.JUnitReportReporter -->
<testsuite hostname="Cristhian-PC" name="testing.jenkis.Prueba1" tests="1" failures="0" timestamp="17 Jun 2016 02:42:10 GMT" time="56.055" errors="0">
  <testcase name="principal" time="56.055" classname="testing.jenkis.Prueba1"/>
</testsuite> <!-- testing.jenkis.Prueba1 -->
